\BOOKMARK [0][-]{chapter.1}{Introduction}{}% 1
\BOOKMARK [1][-]{section.1.1}{Goals}{chapter.1}% 2
\BOOKMARK [1][-]{section.1.2}{Report outline}{chapter.1}% 3
\BOOKMARK [1][-]{section.1.3}{Tools/}{chapter.1}% 4
\BOOKMARK [0][-]{chapter.2}{Background}{}% 5
\BOOKMARK [1][-]{section.2.1}{Failure Detection}{chapter.2}% 6
\BOOKMARK [2][-]{subsection.2.1.1}{Consensus Problem}{section.2.1}% 7
\BOOKMARK [2][-]{subsection.2.1.2}{Impossibility Result}{section.2.1}% 8
\BOOKMARK [2][-]{subsection.2.1.3}{Unreliable Failure Detectors}{section.2.1}% 9
\BOOKMARK [2][-]{subsection.2.1.4}{Failure Detector's Properties}{section.2.1}% 10
\BOOKMARK [1][-]{section.2.2}{RDMA}{chapter.2}% 11
\BOOKMARK [0][-]{chapter.3}{Failure detector implementation}{}% 12
\BOOKMARK [1][-]{section.3.1}{Testing framework}{chapter.3}% 13
\BOOKMARK [1][-]{section.3.2}{Heartbeats}{chapter.3}% 14
\BOOKMARK [1][-]{section.3.3}{Adaptive timeout}{chapter.3}% 15
\BOOKMARK [1][-]{section.3.4}{PAXOS}{chapter.3}% 16
\BOOKMARK [0][-]{chapter.4}{Failure detection over RDMA}{}% 17
\BOOKMARK [0][-]{chapter.5}{Analysis}{}% 18
\BOOKMARK [0][-]{chapter.6}{Conclusion}{}% 19
\BOOKMARK [1][-]{section.6.1}{Overview}{chapter.6}% 20
\BOOKMARK [1][-]{section.6.2}{Future work}{chapter.6}% 21
\BOOKMARK [0][-]{chapter*.5}{Bibliography}{}% 22
